<?xml version="1.0" encoding="UTF-8"?>
<!-- Generated by org.testng.reporters.JUnitReportReporter -->
<testsuite hostname="infenix-PC" failures="0" tests="4" name="TestTableEmployees.TestCases" time="4.304" errors="0" timestamp="2024-07-15T16:06:11 EET" skipped="0">
  <testcase classname="TestTableEmployees.TestCases" name="InsertRowData" time="0.025"/>
  <system-out/>
  <testcase classname="TestTableEmployees.TestCases" name="UpdateRowData" time="0.004"/>
  <system-out/>
  <testcase classname="TestTableEmployees.TestCases" name="GetRowData" time="4.271"/>
  <system-out/>
  <testcase classname="TestTableEmployees.TestCases" name="DeleteRowData" time="0.004"/>
  <system-out/>
</testsuite> <!-- TestTableEmployees.TestCases -->
