<?xml version="1.0" encoding="UTF-8"?>
<!-- Generated by org.testng.reporters.JUnitReportReporter -->
<testsuite hostname="infenix-PC" failures="0" tests="4" name="TestCases" time="4.558" errors="0" timestamp="2024-07-14T04:18:03 EET" skipped="0">
  <testcase classname="TestCases" name="InsertRowData" time="0.030"/>
  <system-out/>
  <testcase classname="TestCases" name="UpdateRowData" time="0.005"/>
  <system-out/>
  <testcase classname="TestCases" name="GetRowData" time="4.519"/>
  <system-out/>
  <testcase classname="TestCases" name="DeleteRowData" time="0.004"/>
  <system-out/>
</testsuite> <!-- TestCases -->
